app/build/outputs/mapping/release/seeds.txt
com.moondroid.bombgame.data.model.BaseResponse
com.moondroid.bombgame.presentation.view.rules.RulesFragment
com.moondroid.bombgame.presentation.view.setting.SettingFragment
com.moondroid.bombgame.MyApplication
com.moondroid.bombgame.presentation.view.home.HomeFragment
com.moondroid.bombgame.presentation.view.MainActivity
com.moondroid.bombgame.presentation.common.FragmentViewBindingDelegate$1
com.moondroid.bombgame.network.RetrofitExService
com.moondroid.bombgame.presentation.common.ViewBindingPropertyDelegate
com.moondroid.bombgame.presentation.view.splash.SplashFragment
com.moondroid.bombgame.DataBinderMapperImpl
com.moondroid.bombgame.presentation.common.FragmentViewBindingDelegate$1$viewLifecycleOwnerLiveDataObserver$1$1
com.moondroid.bombgame.data.model.BaseResponse: int code
com.moondroid.bombgame.data.model.BaseResponse: com.google.gson.JsonElement body
com.moondroid.bombgame.data.model.BaseResponse: java.lang.String msg
com.moondroid.bombgame.data.model.BaseResponse: BaseResponse(com.google.gson.JsonElement,java.lang.String,int)
com.moondroid.bombgame.data.model.BaseResponse: java.lang.String getMsg()
com.moondroid.bombgame.presentation.view.MainActivity: MainActivity()
com.moondroid.bombgame.presentation.view.home.HomeFragment: HomeFragment()
com.moondroid.bombgame.network.RetrofitExService: retrofit2.Call checkAppVersion(int,java.lang.String,java.lang.String)
com.moondroid.bombgame.DataBinderMapperImpl: DataBinderMapperImpl()
com.moondroid.bombgame.data.model.BaseResponse: java.lang.String component2()
com.moondroid.bombgame.presentation.view.splash.SplashFragment: SplashFragment()
com.moondroid.bombgame.MyApplication: MyApplication()
com.moondroid.bombgame.data.model.BaseResponse: int component3()
com.moondroid.bombgame.presentation.view.setting.SettingFragment: SettingFragment()
com.moondroid.bombgame.data.model.BaseResponse: java.lang.String toString()
com.moondroid.bombgame.data.model.BaseResponse: int hashCode()
com.moondroid.bombgame.data.model.BaseResponse: com.google.gson.JsonElement component1()
com.moondroid.bombgame.data.model.BaseResponse: com.moondroid.bombgame.data.model.BaseResponse copy(com.google.gson.JsonElement,java.lang.String,int)
com.moondroid.bombgame.presentation.view.home.HomeFragment$GameStatus: com.moondroid.bombgame.presentation.view.home.HomeFragment$GameStatus valueOf(java.lang.String)
com.moondroid.bombgame.data.model.BaseResponse: int getCode()
com.moondroid.bombgame.presentation.view.setting.SettingViewModel: SettingViewModel()
com.moondroid.bombgame.data.model.BaseResponse: com.moondroid.bombgame.data.model.BaseResponse copy$default(com.moondroid.bombgame.data.model.BaseResponse,com.google.gson.JsonElement,java.lang.String,int,int,java.lang.Object)
com.moondroid.bombgame.presentation.dialog.ExitDialog$Type: com.moondroid.bombgame.presentation.dialog.ExitDialog$Type valueOf(java.lang.String)
com.moondroid.bombgame.data.model.BaseResponse: com.google.gson.JsonElement getBody()
com.moondroid.bombgame.data.model.BaseResponse: boolean equals(java.lang.Object)
com.moondroid.bombgame.presentation.dialog.ExitDialog$Type: com.moondroid.bombgame.presentation.dialog.ExitDialog$Type[] values()
com.moondroid.bombgame.presentation.view.rules.RulesFragment: RulesFragment()
com.moondroid.bombgame.presentation.view.home.HomeFragment$GameStatus: com.moondroid.bombgame.presentation.view.home.HomeFragment$GameStatus[] values()
...
com.google.android.gms.internal.ads.zzaod: long zzr
androidx.customview.view.AbsSavedState: android.os.Parcelable$Creator CREATOR
com.google.android.gms.internal.ads.zzffn: java.lang.String zzE
com.google.android.gms.internal.ads.zzgmp: java.lang.String zzd
com.google.android.gms.internal.ads.zzaog: java.lang.String zzay
com.google.android.gms.internal.measurement.zzgd: com.google.android.gms.internal.measurement.zzli zzi
com.google.android.gms.internal.ads.zzaot: int zzd
com.google.android.gms.internal.ads.zzayw: com.google.android.gms.internal.ads.zzayw zzb
com.google.android.gms.internal.measurement.zzfz: com.google.android.gms.internal.measurement.zzfn zzg
com.google.android.gms.internal.ads.zzamz: com.google.android.gms.internal.ads.zzamz zzb
com.google.android.gms.internal.measurement.zzet: boolean zzh
com.google.android.gms.internal.ads.zzbaj: int zze
com.google.android.gms.internal.ads.zzbad: int zzd
com.google.android.gms.internal.ads.zzazo: com.google.android.gms.internal.ads.zzazq zzg
com.google.android.gms.internal.ads.zzffn: java.lang.String zzh
com.google.android.gms.internal.ads.zzgwa: boolean zzl
com.google.android.gms.internal.ads.zzayi: com.google.android.gms.internal.ads.zzayw zzm
kotlinx.coroutines.internal.AtomicOp: java.lang.Object _consensus
com.google.android.gms.internal.ads.zzgxk: java.lang.String zze
com.google.android.gms.common.internal.MethodInvocation: android.os.Parcelable$Creator CREATOR
com.google.android.gms.internal.ads.zzadq: android.os.Parcelable$Creator CREATOR
com.google.android.gms.internal.measurement.zzgd: int zze
com.google.android.gms.internal.ads.zzgxv: java.lang.String zze
com.google.android.gms.internal.ads.zzgwa: int zzj
com.google.android.gms.measurement.internal.zzau: android.os.Parcelable$Creator CREATOR
com.google.android.gms.internal.measurement.zzek: com.google.android.gms.internal.measurement.zzer zzi
com.google.android.gms.internal.ads.zzaog: com.google.android.gms.internal.ads.zzaod zzae
com.google.android.gms.dynamite.descriptors.com.google.android.gms.ads.dynamite.ModuleDescriptor: java.lang.String MODULE_ID
com.google.android.gms.internal.ads.zzgxp: int zzh
com.google.android.gms.internal.ads.zzaef: android.os.Parcelable$Creator CREATOR
com.google.android.gms.internal.ads.zzaxe: com.google.android.gms.internal.ads.zzayo zzn
com.google.android.gms.internal.ads.zzane: com.google.android.gms.internal.ads.zzane zzb
com.google.android.gms.dynamite.descriptors.com.google.android.gms.measurement.dynamite.ModuleDescriptor: int MODULE_VERSION
com.google.android.gms.internal.ads.zzbad: com.google.android.gms.internal.ads.zzazz zzf
com.google.android.gms.internal.ads.zzgww: com.google.android.gms.internal.ads.zzgww zzb
com.google.android.gms.internal.ads.zzgmk: com.google.android.gms.internal.ads.zzgme zze
com.google.android.gms.internal.ads.zzgxv: java.lang.String zzf
com.google.android.gms.internal.ads.zzgwm: int zze
androidx.lifecycle.Lifecycle$Event: androidx.lifecycle.Lifecycle$Event$Companion Companion
com.bumptech.glide.load.ImageHeaderParser$ImageType: com.bumptech.glide.load.ImageHeaderParser$ImageType AVIF
com.google.android.gms.internal.measurement.zzfr: long zzf
com.google.android.gms.internal.measurement.zzgd: long zzw
com.google.android.gms.internal.measurement.zzfn: java.lang.String zzh
com.google.android.gms.internal.ads.zzatf: com.google.android.gms.internal.ads.zzati zze
com.google.android.gms.internal.measurement.zzfb: com.google.android.gms.internal.measurement.zzli zzf
com.google.android.gms.measurement.internal.zzac: android.os.Parcelable$Creator CREATOR
com.google.android.gms.internal.ads.zzaok: com.google.android.gms.internal.ads.zzaok zzb
com.google.android.gms.internal.ads.zzamz: com.google.android.gms.internal.ads.zzgsm zzp
com.google.android.gms.internal.ads.zzazg: java.lang.String zzj
com.google.android.gms.common.zzs: android.os.Parcelable$Creator CREATOR
com.google.android.gms.internal.ads.zzaog: long zzO