app/build/outputs/mapping/release/usage.txt
com.moondroid.bombgame.BR
com.moondroid.bombgame.BuildConfig
com.moondroid.bombgame.DataBinderMapperImpl$InnerBrLookup
com.moondroid.bombgame.DataBinderMapperImpl$InnerLayoutIdLookup
com.moondroid.bombgame.DataBinderMapperImpl:
    private static final int LAYOUT_FRAGMENTHOME
    private static final int LAYOUT_FRAGMENTSETTING
    private static final int LAYOUT_FRAGMENTSPLASH
    public java.lang.String convertBrIdToString(int)
    public int getLayoutId(java.lang.String)
com.moondroid.bombgame.DataBindingTriggerClass
com.moondroid.bombgame.R$anim:
    private void <init>()
com.moondroid.bombgame.R$array:
    private void <init>()
com.moondroid.bombgame.R$color
com.moondroid.bombgame.R$drawable
com.moondroid.bombgame.R$font
com.moondroid.bombgame.R$id:
    public static int btnHowToUse
    public static int btnSetting
    public static int btnStart
    public static int homeFragment
    public static int lottieBomb
    public static int lottieChar01
    public static int lottieChar02
    public static int lottieChar03
    public static int lottieCountDown
    public static int lottieExplosion
    public static int nav_graph
    public static int settingFragment
    public static int splashFragment
    public static int tutorialFragment
    public static int tvDescript
    public static int tvQuiz
    public static int tvTimer
    public static int tvTitle
    private void <init>()
com.moondroid.bombgame.R$layout:
    private void <init>()
com.moondroid.bombgame.R$mipmap
com.moondroid.bombgame.R$navigation
com.moondroid.bombgame.R$raw:
    public static int count_down
    public static int explosion
    private void <init>()
com.moondroid.bombgame.R$string:
    public static int app_name
    public static int banner_id
    public static int cmn_character_setting
    public static int cmn_confirm
    public static int cmn_exit
    public static int cmn_game_rules
    public static int cmn_game_setting
    public static int cmn_game_type
    public static int cmn_player_number
    public static int cmn_setting
    public static int cmn_start
    public static int com_google_firebase_crashlytics_mapping_file_id
    public static int default_web_client_id
    public static int description_association_game
    public static int description_game_rules
    public static int description_initial_game
    public static int description_player_number
    public static int description_question_game
    public static int example_association_game
    public static int example_initial_game
    public static int example_question_game
    public static int gcm_defaultSenderId
    public static int google_api_key
    public static int google_app_id
    public static int google_crash_reporting_api_key
    public static int google_storage_bucket
    public static int project_id
    private void <init>()
com.moondroid.bombgame.R$style:
    public static int Base_Theme_BombGame
    public static int ButtonBlue01
    public static int ButtonGray01
    public static int ButtonOrange01
    public static int MyButton
    public static int TextDescription
    public static int TextTitle
    public static int Theme_BombGame
    public static int Toolbar
    public static int ToolbarThemeBlack
    public static int ToolbarTitle
    public static int WhiteStatusBar
    private void <init>()
com.moondroid.bombgame.R$xml
com.moondroid.bombgame.R
com.moondroid.bombgame.databinding.ActivityMainBinding
com.moondroid.bombgame.databinding.DialogExitBinding:
    public static com.moondroid.bombgame.databinding.DialogExitBinding inflate(android.view.LayoutInflater)
com.moondroid.bombgame.databinding.DialogOneButtonBinding:
    public static com.moondroid.bombgame.databinding.DialogOneButtonBinding inflate(android.view.LayoutInflater)
...
com.google.firebase.crashlytics.internal.model.CrashlyticsReport$Session:
    public static com.google.android.gms.internal.ads.zzalf builder()
    public abstract com.google.firebase.crashlytics.internal.model.CrashlyticsReport$Session$Application getApp()
    public abstract com.google.firebase.crashlytics.internal.model.CrashlyticsReport$Session$Device getDevice()
    public abstract java.lang.Long getEndedAt()
    public abstract com.google.firebase.crashlytics.internal.model.ImmutableList getEvents()
    public abstract java.lang.String getGenerator()
    public abstract int getGeneratorType()
    public abstract java.lang.String getIdentifier()
    public abstract byte[] getIdentifierUtf8Bytes()
    public abstract com.google.firebase.crashlytics.internal.model.CrashlyticsReport$Session$OperatingSystem getOs()
    public abstract long getStartedAt()
    public abstract com.google.firebase.crashlytics.internal.model.CrashlyticsReport$Session$User getUser()
    public abstract boolean isCrashed()
    public abstract com.google.android.gms.internal.ads.zzalf toBuilder()
    public abstract com.google.firebase.crashlytics.internal.model.CrashlyticsReport$Session withEvents()
    public abstract com.google.firebase.crashlytics.internal.model.CrashlyticsReport$Session withSessionEndFields()
com.google.firebase.crashlytics.internal.model.CrashlyticsReport:
    public static synthetic java.nio.charset.Charset access$000()
    public static androidx.work.impl.WorkerWrapper$Builder builder()
    public abstract com.google.firebase.crashlytics.internal.model.CrashlyticsReport$ApplicationExitInfo getAppExitInfo()
    public abstract java.lang.String getBuildVersion()
    public abstract java.lang.String getDisplayVersion()
    public abstract java.lang.String getGmpAppId()
    public abstract java.lang.String getInstallationUuid()
    public abstract com.google.firebase.crashlytics.internal.model.CrashlyticsReport$FilesPayload getNdkPayload()
    public abstract int getPlatform()
    public abstract java.lang.String getSdkVersion()
    public abstract com.google.firebase.crashlytics.internal.model.CrashlyticsReport$Session getSession()
    public abstract androidx.work.impl.WorkerWrapper$Builder toBuilder()
    public abstract com.google.firebase.crashlytics.internal.model.CrashlyticsReport withApplicationExitInfo()
    public abstract com.google.firebase.crashlytics.internal.model.CrashlyticsReport withEvents()
    public abstract com.google.firebase.crashlytics.internal.model.CrashlyticsReport withNdkPayload()
    public abstract com.google.firebase.crashlytics.internal.model.CrashlyticsReport withSessionEndFields()
com.google.firebase.crashlytics.internal.model.ImmutableList:
    public static com.google.firebase.crashlytics.internal.model.ImmutableList from()
com.google.firebase.crashlytics.internal.model.StaticSessionData$AppData
com.google.firebase.crashlytics.internal.model.StaticSessionData$DeviceData
com.google.firebase.crashlytics.internal.model.StaticSessionData$OsData
com.google.firebase.crashlytics.internal.model.StaticSessionData
com.google.firebase.crashlytics.internal.model.serialization.CrashlyticsReportJsonTransform$$InternalSyntheticLambda$5$1a9d36e2c311d0854f2b268c6640010fbe8af2053260b409eaeb1dee92ba0ec3$0
com.google.firebase.crashlytics.internal.model.serialization.CrashlyticsReportJsonTransform$$InternalSyntheticLambda$5$8e70d485dcfe10dde5aca5a41d774ca37e2beb36a5d33d41ef0d256188b3db3e$0
com.google.firebase.crashlytics.internal.model.serialization.CrashlyticsReportJsonTransform$$InternalSyntheticLambda$5$cb7dafbb17fc7159bc5ef08d0b90e5b8b712a8f543bfe1b94963528344f5884e$0
com.google.firebase.crashlytics.internal.model.serialization.CrashlyticsReportJsonTransform$$InternalSyntheticLambda$5$cb7dafbb17fc7159bc5ef08d0b90e5b8b712a8f543bfe1b94963528344f5884e$1